<?xml version="1.0" encoding="UTF-8"?>
<testng-results ignored="0" total="5" passed="4" failed="1" skipped="0">
  <reporter-output>
  </reporter-output>
  <suite started-at="2021-08-28T06:26:16Z" name="Default suite" finished-at="2021-08-28T06:26:19Z" duration-ms="3478">
    <groups>
    </groups>
    <test started-at="2021-08-28T06:26:16Z" name="Default test" finished-at="2021-08-28T06:26:19Z" duration-ms="3478">
      <class name="com.Mercury.Test.FlightDetailTestPage">
        <test-method is-config="true" signature="setUp()[pri:0, instance:com.Mercury.Test.FlightDetailTestPage@7ef27d7f]" started-at="2021-08-28T06:26:16Z" name="setUp" finished-at="2021-08-28T06:26:18Z" duration-ms="2592" status="PASS">
          <reporter-output>
          </reporter-output>
        </test-method> <!-- setUp -->
        <test-method signature="verifyFlightButton()[pri:1, instance:com.Mercury.Test.FlightDetailTestPage@7ef27d7f]" started-at="2021-08-28T06:26:18Z" name="verifyFlightButton" finished-at="2021-08-28T06:26:18Z" duration-ms="272" status="PASS">
          <reporter-output>
          </reporter-output>
        </test-method> <!-- verifyFlightButton -->
        <test-method signature="verifydepatureCity()[pri:2, instance:com.Mercury.Test.FlightDetailTestPage@7ef27d7f]" started-at="2021-08-28T06:26:18Z" name="verifydepatureCity" finished-at="2021-08-28T06:26:19Z" duration-ms="212" status="PASS">
          <reporter-output>
          </reporter-output>
        </test-method> <!-- verifydepatureCity -->
        <test-method signature="verifyFlightDetail()[pri:3, instance:com.Mercury.Test.FlightDetailTestPage@7ef27d7f]" started-at="2021-08-28T06:26:19Z" name="verifyFlightDetail" finished-at="2021-08-28T06:26:19Z" duration-ms="190" status="PASS">
          <reporter-output>
          </reporter-output>
        </test-method> <!-- verifyFlightDetail -->
        <test-method signature="verifyPassangerCount()[pri:4, instance:com.Mercury.Test.FlightDetailTestPage@7ef27d7f]" started-at="2021-08-28T06:26:19Z" name="verifyPassangerCount" finished-at="2021-08-28T06:26:19Z" duration-ms="155" status="PASS">
          <reporter-output>
          </reporter-output>
        </test-method> <!-- verifyPassangerCount -->
        <test-method signature="classPreference()[pri:5, instance:com.Mercury.Test.FlightDetailTestPage@7ef27d7f]" started-at="2021-08-28T06:26:19Z" name="classPreference" finished-at="2021-08-28T06:26:19Z" duration-ms="27" status="FAIL">
          <exception class="org.openqa.selenium.support.ui.UnexpectedTagNameException">
            <message>
              <![CDATA[Element should have been "select" but was "input"
Build info: version: '3.141.59', revision: 'e82be7d358', time: '2018-11-14T08:17:03'
System info: host: 'RASHMI', ip: '192.168.1.210', os.name: 'Windows 10', os.arch: 'amd64', os.version: '10.0', java.version: '15.0.1'
Driver info: driver.version: unknown]]>
            </message>
            <full-stacktrace>
              <![CDATA[org.openqa.selenium.support.ui.UnexpectedTagNameException: Element should have been "select" but was "input"
Build info: version: '3.141.59', revision: 'e82be7d358', time: '2018-11-14T08:17:03'
System info: host: 'RASHMI', ip: '192.168.1.210', os.name: 'Windows 10', os.arch: 'amd64', os.version: '10.0', java.version: '15.0.1'
Driver info: driver.version: unknown
at org.openqa.selenium.support.ui.Select.<init>(Select.java:48)
at com.Mercury.Pages.FlightDetailPage.serviceClassSelection(FlightDetailPage.java:63)
at com.Mercury.Test.FlightDetailTestPage.classPreference(FlightDetailTestPage.java:57)
at java.base/jdk.internal.reflect.NativeMethodAccessorImpl.invoke0(Native Method)
at java.base/jdk.internal.reflect.NativeMethodAccessorImpl.invoke(NativeMethodAccessorImpl.java:64)
at java.base/jdk.internal.reflect.DelegatingMethodAccessorImpl.invoke(DelegatingMethodAccessorImpl.java:43)
at java.base/java.lang.reflect.Method.invoke(Method.java:564)
at org.testng.internal.MethodInvocationHelper.invokeMethod(MethodInvocationHelper.java:124)
at org.testng.internal.Invoker.invokeMethod(Invoker.java:583)
at org.testng.internal.Invoker.invokeTestMethod(Invoker.java:719)
at org.testng.internal.Invoker.invokeTestMethods(Invoker.java:989)
at org.testng.internal.TestMethodWorker.invokeTestMethods(TestMethodWorker.java:125)
at org.testng.internal.TestMethodWorker.run(TestMethodWorker.java:109)
at org.testng.TestRunner.privateRun(TestRunner.java:648)
at org.testng.TestRunner.run(TestRunner.java:505)
at org.testng.SuiteRunner.runTest(SuiteRunner.java:455)
at org.testng.SuiteRunner.runSequentially(SuiteRunner.java:450)
at org.testng.SuiteRunner.privateRun(SuiteRunner.java:415)
at org.testng.SuiteRunner.run(SuiteRunner.java:364)
at org.testng.SuiteRunnerWorker.runSuite(SuiteRunnerWorker.java:52)
at org.testng.SuiteRunnerWorker.run(SuiteRunnerWorker.java:84)
at org.testng.TestNG.runSuitesSequentially(TestNG.java:1208)
at org.testng.TestNG.runSuitesLocally(TestNG.java:1137)
at org.testng.TestNG.runSuites(TestNG.java:1049)
at org.testng.TestNG.run(TestNG.java:1017)
at org.testng.remote.AbstractRemoteTestNG.run(AbstractRemoteTestNG.java:115)
at org.testng.remote.RemoteTestNG.initAndRun(RemoteTestNG.java:251)
at org.testng.remote.RemoteTestNG.main(RemoteTestNG.java:77)
]]>
            </full-stacktrace>
          </exception> <!-- org.openqa.selenium.support.ui.UnexpectedTagNameException -->
          <reporter-output>
          </reporter-output>
        </test-method> <!-- classPreference -->
      </class> <!-- com.Mercury.Test.FlightDetailTestPage -->
    </test> <!-- Default test -->
  </suite> <!-- Default suite -->
</testng-results>
